<?xml version="1.0" encoding="UTF-8" standalone="yes"?><!DOCTYPE report PUBLIC "-//JACOCO//DTD Report 1.1//EN" "report.dtd"><report name="ueb06Maven"><sessioninfo id="stl-p-olb.htwsaar.de-45ad037e" start="1575535484516" dump="1575535486437"/><sessioninfo id="stl-p-olb.htwsaar.de-1647ef4f" start="1575630220851" dump="1575630223274"/><sessioninfo id="stl-p-olb.htwsaar.de-cc075664" start="1575975251711" dump="1575975257920"/><sessioninfo id="stl-p-olb.htwsaar.de-d6765f72" start="1575975463751" dump="1575975465639"/><sessioninfo id="stl-p-olb.htwsaar.de-449dca72" start="1575975566242" dump="1575975568227"/><sessioninfo id="stl-p-olb.htwsaar.de-fc3f03c" start="1575975613329" dump="1575975614842"/><sessioninfo id="stl-p-olb.htwsaar.de-25aeeef3" start="1575978156280" dump="1575978161444"/><sessioninfo id="stl-p-olb.htwsaar.de-9041e33d" start="1575978900598" dump="1575978907700"/><sessioninfo id="stl-p-olb.htwsaar.de-199784b1" start="1575979469463" dump="1575979471553"/><sessioninfo id="stl-p-olb.htwsaar.de-419211cf" start="1575979518208" dump="1575979523408"/><sessioninfo id="stl-p-olb.htwsaar.de-e84e8b23" start="1575979556028" dump="1575979615145"/><sessioninfo id="stl-p-olb.htwsaar.de-448603bb" start="1575979697335" dump="1575979699060"/><sessioninfo id="stl-s-stud-neu.htw-saarland.de-24243101" start="1575979869675" dump="1575979890780"/><package name=""><class name="ArrayFunctions" sourcefilename="ArrayFunctions.java"><method name="quadratischerMittelwert" desc="([D)D" line="9"><counter type="INSTRUCTION" missed="0" covered="44"/><counter type="BRANCH" missed="0" covered="6"/><counter type="LINE" missed="0" covered="8"/><counter type="COMPLEXITY" missed="0" covered="4"/><counter type="METHOD" missed="0" covered="1"/></method><method name="groessterAbstandQMW" desc="([D)D" line="26"><counter type="INSTRUCTION" missed="0" covered="47"/><counter type="BRANCH" missed="0" covered="8"/><counter type="LINE" missed="0" covered="11"/><counter type="COMPLEXITY" missed="0" covered="5"/><counter type="METHOD" missed="0" covered="1"/></method><method name="insertionSort" desc="([I)V" line="46"><counter type="INSTRUCTION" missed="0" covered="47"/><counter type="BRANCH" missed="0" covered="10"/><counter type="LINE" missed="0" covered="10"/><counter type="COMPLEXITY" missed="0" covered="6"/><counter type="METHOD" missed="0" covered="1"/></method><counter type="INSTRUCTION" missed="0" covered="138"/><counter type="BRANCH" missed="0" covered="24"/><counter type="LINE" missed="0" covered="29"/><counter type="COMPLEXITY" missed="0" covered="15"/><counter type="METHOD" missed="0" covered="3"/><counter type="CLASS" missed="0" covered="1"/></class><sourcefile name="ArrayFunctions.java"><line nr="9" mi="0" ci="5" mb="0" cb="4"/><line nr="10" mi="0" ci="4" mb="0" cb="0"/><line nr="13" mi="0" ci="2" mb="0" cb="0"/><line nr="15" mi="0" ci="16" mb="0" cb="2"/><line nr="16" mi="0" ci="6" mb="0" cb="0"/><line nr="19" mi="0" ci="6" mb="0" cb="0"/><line nr="20" mi="0" ci="3" mb="0" cb="0"/><line nr="22" mi="0" ci="2" mb="0" cb="0"/><line nr="26" mi="0" ci="5" mb="0" cb="4"/><line nr="27" mi="0" ci="4" mb="0" cb="0"/><line nr="30" mi="0" ci="3" mb="0" cb="0"/><line nr="31" mi="0" ci="2" mb="0" cb="0"/><line nr="32" mi="0" ci="2" mb="0" cb="0"/><line nr="34" mi="0" ci="16" mb="0" cb="2"/><line nr="35" mi="0" ci="5" mb="0" cb="0"/><line nr="36" mi="0" ci="4" mb="0" cb="2"/><line nr="37" mi="0" ci="2" mb="0" cb="0"/><line nr="38" mi="0" ci="2" mb="0" cb="0"/><line nr="42" mi="0" ci="2" mb="0" cb="0"/><line nr="46" mi="0" ci="5" mb="0" cb="4"/><line nr="47" mi="0" ci="4" mb="0" cb="0"/><line nr="51" mi="0" ci="8" mb="0" cb="2"/><line nr="52" mi="0" ci="4" mb="0" cb="0"/><line nr="53" mi="0" ci="2" mb="0" cb="0"/><line nr="54" mi="0" ci="9" mb="0" cb="4"/><line nr="55" mi="0" ci="8" mb="0" cb="0"/><line nr="56" mi="0" ci="2" mb="0" cb="0"/><line nr="58" mi="0" ci="4" mb="0" cb="0"/><line nr="60" mi="0" ci="1" mb="0" cb="0"/><counter type="INSTRUCTION" missed="0" covered="138"/><counter type="BRANCH" missed="0" covered="24"/><counter type="LINE" missed="0" covered="29"/><counter type="COMPLEXITY" missed="0" covered="15"/><counter type="METHOD" missed="0" covered="3"/><counter type="CLASS" missed="0" covered="1"/></sourcefile><counter type="INSTRUCTION" missed="0" covered="138"/><counter type="BRANCH" missed="0" covered="24"/><counter type="LINE" missed="0" covered="29"/><counter type="COMPLEXITY" missed="0" covered="15"/><counter type="METHOD" missed="0" covered="3"/><counter type="CLASS" missed="0" covered="1"/></package><counter type="INSTRUCTION" missed="0" covered="138"/><counter type="BRANCH" missed="0" covered="24"/><counter type="LINE" missed="0" covered="29"/><counter type="COMPLEXITY" missed="0" covered="15"/><counter type="METHOD" missed="0" covered="3"/><counter type="CLASS" missed="0" covered="1"/></report>